<?xml version="1.0" encoding="UTF-8"?>
<testng-results skipped="0" failed="0" ignored="0" total="2" passed="2">
  <reporter-output>
  </reporter-output>
  <suite name="makemytrip.test.Test_Homepage" duration-ms="2809" started-at="2019-09-26T06:14:20Z" finished-at="2019-09-26T06:14:23Z">
    <groups>
    </groups>
    <test name="Command line test" duration-ms="2809" started-at="2019-09-26T06:14:20Z" finished-at="2019-09-26T06:14:23Z">
      <class name="makemytrip.test.Test_Homepage">
        <test-method status="PASS" signature="setUp()[pri:0, instance:makemytrip.test.Test_Homepage@3cda1055]" name="setUp" is-config="true" duration-ms="2712" started-at="2019-09-26T06:14:20Z" finished-at="2019-09-26T06:14:23Z">
          <reporter-output>
          </reporter-output>
        </test-method> <!-- setUp -->
        <test-method status="PASS" signature="enterFromCity()[pri:0, instance:makemytrip.test.Test_Homepage@3cda1055]" name="enterFromCity" duration-ms="1" started-at="2019-09-26T06:14:23Z" finished-at="2019-09-26T06:14:23Z">
          <reporter-output>
          </reporter-output>
        </test-method> <!-- enterFromCity -->
        <test-method status="PASS" signature="enterToCity()[pri:0, instance:makemytrip.test.Test_Homepage@3cda1055]" name="enterToCity" duration-ms="0" started-at="2019-09-26T06:14:23Z" finished-at="2019-09-26T06:14:23Z">
          <reporter-output>
          </reporter-output>
        </test-method> <!-- enterToCity -->
        <test-method status="PASS" signature="tearDown()[pri:0, instance:makemytrip.test.Test_Homepage@3cda1055]" name="tearDown" is-config="true" duration-ms="83" started-at="2019-09-26T06:14:23Z" finished-at="2019-09-26T06:14:23Z">
          <reporter-output>
          </reporter-output>
        </test-method> <!-- tearDown -->
      </class> <!-- makemytrip.test.Test_Homepage -->
    </test> <!-- Command line test -->
  </suite> <!-- makemytrip.test.Test_Homepage -->
</testng-results>
