<?xml version="1.0" encoding="UTF-8"?>
<testng-results skipped="0" failed="1" ignored="0" total="4" passed="3">
  <reporter-output>
  </reporter-output>
  <suite name="Default suite" duration-ms="27315" started-at="2020-02-04T08:03:32Z" finished-at="2020-02-04T08:03:59Z">
    <groups>
    </groups>
    <test name="Default test" duration-ms="27315" started-at="2020-02-04T08:03:32Z" finished-at="2020-02-04T08:03:59Z">
      <class name="Zeta_Project.Test_Scripts.TestHomePage">
        <test-method status="PASS" signature="setUp()[pri:0, instance:Zeta_Project.Test_Scripts.TestHomePage@55f3ddb1]" name="setUp" is-config="true" duration-ms="14469" started-at="2020-02-04T08:03:32Z" finished-at="2020-02-04T08:03:46Z">
          <reporter-output>
          </reporter-output>
        </test-method> <!-- setUp -->
        <test-method status="PASS" signature="enterFromCity()[pri:0, instance:Zeta_Project.Test_Scripts.TestHomePage@55f3ddb1]" name="enterFromCity" duration-ms="607" started-at="2020-02-04T08:03:46Z" finished-at="2020-02-04T08:03:47Z">
          <reporter-output>
          </reporter-output>
        </test-method> <!-- enterFromCity -->
        <test-method status="PASS" signature="enterToCity()[pri:0, instance:Zeta_Project.Test_Scripts.TestHomePage@55f3ddb1]" name="enterToCity" duration-ms="1072" started-at="2020-02-04T08:03:47Z" finished-at="2020-02-04T08:03:48Z">
          <reporter-output>
          </reporter-output>
        </test-method> <!-- enterToCity -->
        <test-method status="PASS" signature="selectFromPlace()[pri:0, instance:Zeta_Project.Test_Scripts.TestHomePage@55f3ddb1]" name="selectFromPlace" duration-ms="10480" started-at="2020-02-04T08:03:48Z" finished-at="2020-02-04T08:03:58Z">
          <reporter-output>
          </reporter-output>
        </test-method> <!-- selectFromPlace -->
        <test-method status="FAIL" signature="selectToPlace()[pri:0, instance:Zeta_Project.Test_Scripts.TestHomePage@55f3ddb1]" name="selectToPlace" duration-ms="28" started-at="2020-02-04T08:03:58Z" finished-at="2020-02-04T08:03:59Z">
          <exception class="org.openqa.selenium.NoSuchWindowException">
            <message>
              <![CDATA[no such window: target window already closed
from unknown error: web view not found
  (Session info: chrome=79.0.3945.130)
Build info: version: '3.141.5', revision: 'd54ebd709a', time: '2018-11-06T11:42:16'
System info: host: 'LP2-AP-51762228', ip: '192.168.43.169', os.name: 'Windows 10', os.arch: 'amd64', os.version: '10.0', java.version: '1.8.0_231'
Driver info: org.openqa.selenium.chrome.ChromeDriver
Capabilities {acceptInsecureCerts: false, browserName: chrome, browserVersion: 79.0.3945.130, chrome: {chromedriverVersion: 79.0.3945.36 (3582db32b3389..., userDataDir: C:\Users\PNPIT~1.ADM\AppDat...}, goog:chromeOptions: {debuggerAddress: localhost:51222}, javascriptEnabled: true, networkConnectionEnabled: false, pageLoadStrategy: normal, platform: WINDOWS, platformName: WINDOWS, proxy: Proxy(), setWindowRect: true, strictFileInteractability: false, timeouts: {implicit: 0, pageLoad: 300000, script: 30000}, unhandledPromptBehavior: dismiss and notify}
Session ID: c3f62a816049cbfe42588e1d65ed7a49
*** Element info: {Using=css selector, value=p.font12.greyText.appendBottom3}]]>
            </message>
            <full-stacktrace>
              <![CDATA[org.openqa.selenium.NoSuchWindowException: no such window: target window already closed
from unknown error: web view not found
  (Session info: chrome=79.0.3945.130)
Build info: version: '3.141.5', revision: 'd54ebd709a', time: '2018-11-06T11:42:16'
System info: host: 'LP2-AP-51762228', ip: '192.168.43.169', os.name: 'Windows 10', os.arch: 'amd64', os.version: '10.0', java.version: '1.8.0_231'
Driver info: org.openqa.selenium.chrome.ChromeDriver
Capabilities {acceptInsecureCerts: false, browserName: chrome, browserVersion: 79.0.3945.130, chrome: {chromedriverVersion: 79.0.3945.36 (3582db32b3389..., userDataDir: C:\Users\PNPIT~1.ADM\AppDat...}, goog:chromeOptions: {debuggerAddress: localhost:51222}, javascriptEnabled: true, networkConnectionEnabled: false, pageLoadStrategy: normal, platform: WINDOWS, platformName: WINDOWS, proxy: Proxy(), setWindowRect: true, strictFileInteractability: false, timeouts: {implicit: 0, pageLoad: 300000, script: 30000}, unhandledPromptBehavior: dismiss and notify}
Session ID: c3f62a816049cbfe42588e1d65ed7a49
*** Element info: {Using=css selector, value=p.font12.greyText.appendBottom3}
at sun.reflect.NativeConstructorAccessorImpl.newInstance0(Native Method)
at sun.reflect.NativeConstructorAccessorImpl.newInstance(Unknown Source)
at sun.reflect.DelegatingConstructorAccessorImpl.newInstance(Unknown Source)
at java.lang.reflect.Constructor.newInstance(Unknown Source)
at org.openqa.selenium.remote.http.W3CHttpResponseCodec.createException(W3CHttpResponseCodec.java:187)
at org.openqa.selenium.remote.http.W3CHttpResponseCodec.decode(W3CHttpResponseCodec.java:122)
at org.openqa.selenium.remote.http.W3CHttpResponseCodec.decode(W3CHttpResponseCodec.java:49)
at org.openqa.selenium.remote.HttpCommandExecutor.execute(HttpCommandExecutor.java:158)
at org.openqa.selenium.remote.service.DriverCommandExecutor.execute(DriverCommandExecutor.java:83)
at org.openqa.selenium.remote.RemoteWebDriver.execute(RemoteWebDriver.java:552)
at org.openqa.selenium.remote.RemoteWebDriver.findElements(RemoteWebDriver.java:353)
at org.openqa.selenium.remote.RemoteWebDriver.findElementsByCssSelector(RemoteWebDriver.java:424)
at org.openqa.selenium.By$ByCssSelector.findElements(By.java:441)
at org.openqa.selenium.remote.RemoteWebDriver.findElements(RemoteWebDriver.java:311)
at Zeta_Project.PageObjects.HomepageImplementation.selectToPlace(HomepageImplementation.java:92)
at Zeta_Project.Test_Scripts.TestHomePage.selectToPlace(TestHomePage.java:43)
at sun.reflect.NativeMethodAccessorImpl.invoke0(Native Method)
at sun.reflect.NativeMethodAccessorImpl.invoke(Unknown Source)
at sun.reflect.DelegatingMethodAccessorImpl.invoke(Unknown Source)
at java.lang.reflect.Method.invoke(Unknown Source)
at org.testng.internal.MethodInvocationHelper.invokeMethod(MethodInvocationHelper.java:124)
at org.testng.internal.Invoker.invokeMethod(Invoker.java:583)
at org.testng.internal.Invoker.invokeTestMethod(Invoker.java:719)
at org.testng.internal.Invoker.invokeTestMethods(Invoker.java:989)
at org.testng.internal.TestMethodWorker.invokeTestMethods(TestMethodWorker.java:125)
at org.testng.internal.TestMethodWorker.run(TestMethodWorker.java:109)
at org.testng.TestRunner.privateRun(TestRunner.java:648)
at org.testng.TestRunner.run(TestRunner.java:505)
at org.testng.SuiteRunner.runTest(SuiteRunner.java:455)
at org.testng.SuiteRunner.runSequentially(SuiteRunner.java:450)
at org.testng.SuiteRunner.privateRun(SuiteRunner.java:415)
at org.testng.SuiteRunner.run(SuiteRunner.java:364)
at org.testng.SuiteRunnerWorker.runSuite(SuiteRunnerWorker.java:52)
at org.testng.SuiteRunnerWorker.run(SuiteRunnerWorker.java:84)
at org.testng.TestNG.runSuitesSequentially(TestNG.java:1208)
at org.testng.TestNG.runSuitesLocally(TestNG.java:1137)
at org.testng.TestNG.runSuites(TestNG.java:1049)
at org.testng.TestNG.run(TestNG.java:1017)
at org.testng.remote.AbstractRemoteTestNG.run(AbstractRemoteTestNG.java:115)
at org.testng.remote.RemoteTestNG.initAndRun(RemoteTestNG.java:251)
at org.testng.remote.RemoteTestNG.main(RemoteTestNG.java:77)
]]>
            </full-stacktrace>
          </exception> <!-- org.openqa.selenium.NoSuchWindowException -->
          <reporter-output>
          </reporter-output>
        </test-method> <!-- selectToPlace -->
        <test-method status="PASS" signature="tearDown()[pri:0, instance:Zeta_Project.Test_Scripts.TestHomePage@55f3ddb1]" name="tearDown" is-config="true" duration-ms="636" started-at="2020-02-04T08:03:59Z" finished-at="2020-02-04T08:03:59Z">
          <reporter-output>
          </reporter-output>
        </test-method> <!-- tearDown -->
      </class> <!-- Zeta_Project.Test_Scripts.TestHomePage -->
    </test> <!-- Default test -->
  </suite> <!-- Default suite -->
</testng-results>
