<?xml version="1.0" encoding="UTF-8"?>
<testng-results skipped="0" failed="0" ignored="0" total="2" passed="2">
  <reporter-output>
  </reporter-output>
  <suite name="Zeta_Project.Test_Scripts.TestHomePage" duration-ms="4213" started-at="2019-09-26T08:02:27Z" finished-at="2019-09-26T08:02:31Z">
    <groups>
    </groups>
    <test name="Command line test" duration-ms="4213" started-at="2019-09-26T08:02:27Z" finished-at="2019-09-26T08:02:31Z">
      <class name="Zeta_Project.Test_Scripts.TestHomePage">
        <test-method status="PASS" signature="setUp()[pri:0, instance:Zeta_Project.Test_Scripts.TestHomePage@3cda1055]" name="setUp" is-config="true" duration-ms="4112" started-at="2019-09-26T08:02:27Z" finished-at="2019-09-26T08:02:31Z">
          <reporter-output>
          </reporter-output>
        </test-method> <!-- setUp -->
        <test-method status="PASS" signature="enterFromCity()[pri:0, instance:Zeta_Project.Test_Scripts.TestHomePage@3cda1055]" name="enterFromCity" duration-ms="0" started-at="2019-09-26T08:02:31Z" finished-at="2019-09-26T08:02:31Z">
          <reporter-output>
          </reporter-output>
        </test-method> <!-- enterFromCity -->
        <test-method status="PASS" signature="enterToCity()[pri:0, instance:Zeta_Project.Test_Scripts.TestHomePage@3cda1055]" name="enterToCity" duration-ms="0" started-at="2019-09-26T08:02:31Z" finished-at="2019-09-26T08:02:31Z">
          <reporter-output>
          </reporter-output>
        </test-method> <!-- enterToCity -->
        <test-method status="PASS" signature="tearDown()[pri:0, instance:Zeta_Project.Test_Scripts.TestHomePage@3cda1055]" name="tearDown" is-config="true" duration-ms="87" started-at="2019-09-26T08:02:31Z" finished-at="2019-09-26T08:02:31Z">
          <reporter-output>
          </reporter-output>
        </test-method> <!-- tearDown -->
      </class> <!-- Zeta_Project.Test_Scripts.TestHomePage -->
    </test> <!-- Command line test -->
  </suite> <!-- Zeta_Project.Test_Scripts.TestHomePage -->
</testng-results>
